<?xml version="1.0" encoding="UTF-8"?>
<testsuite xmlns:xsi="http://www.w3.org/2001/XMLSchema-instance" xsi:noNamespaceSchemaLocation="https://maven.apache.org/surefire/maven-surefire-plugin/xsd/surefire-test-report-3.0.xsd" version="3.0" name="TestSuite" time="36.259" tests="19" errors="0" skipped="0" failures="0">
  <properties>
    <property name="gopherProxySet" value="false"/>
    <property name="awt.toolkit" value="sun.lwawt.macosx.LWCToolkit"/>
    <property name="file.encoding.pkg" value="sun.io"/>
    <property name="java.specification.version" value="1.8"/>
    <property name="sun.cpu.isalist" value=""/>
    <property name="sun.jnu.encoding" value="UTF-8"/>
    <property name="java.class.path" value="/Users/youse/eclipse-workspace/playground-api-automation/target/test-classes:/Users/youse/eclipse-workspace/playground-api-automation/target/classes:/Users/youse/.m2/repository/io/rest-assured/rest-assured/4.1.2/rest-assured-4.1.2.jar:/Users/youse/.m2/repository/org/codehaus/groovy/groovy/2.5.8/groovy-2.5.8.jar:/Users/youse/.m2/repository/org/codehaus/groovy/groovy-xml/2.5.8/groovy-xml-2.5.8.jar:/Users/youse/.m2/repository/org/apache/httpcomponents/httpclient/4.5.3/httpclient-4.5.3.jar:/Users/youse/.m2/repository/org/apache/httpcomponents/httpcore/4.4.6/httpcore-4.4.6.jar:/Users/youse/.m2/repository/commons-logging/commons-logging/1.2/commons-logging-1.2.jar:/Users/youse/.m2/repository/commons-codec/commons-codec/1.9/commons-codec-1.9.jar:/Users/youse/.m2/repository/org/apache/httpcomponents/httpmime/4.5.3/httpmime-4.5.3.jar:/Users/youse/.m2/repository/org/hamcrest/hamcrest/2.1/hamcrest-2.1.jar:/Users/youse/.m2/repository/org/ccil/cowan/tagsoup/tagsoup/1.2.1/tagsoup-1.2.1.jar:/Users/youse/.m2/repository/io/rest-assured/xml-path/4.1.2/xml-path-4.1.2.jar:/Users/youse/.m2/repository/org/apache/commons/commons-lang3/3.4/commons-lang3-3.4.jar:/Users/youse/.m2/repository/javax/xml/bind/jaxb-api/2.3.1/jaxb-api-2.3.1.jar:/Users/youse/.m2/repository/javax/activation/javax.activation-api/1.2.0/javax.activation-api-1.2.0.jar:/Users/youse/.m2/repository/com/sun/xml/bind/jaxb-osgi/2.3.0.1/jaxb-osgi-2.3.0.1.jar:/Users/youse/.m2/repository/org/apache/sling/org.apache.sling.javax.activation/0.1.0/org.apache.sling.javax.activation-0.1.0.jar:/Users/youse/.m2/repository/javax/activation/activation/1.1.1/activation-1.1.1.jar:/Users/youse/.m2/repository/io/rest-assured/json-path/4.1.2/json-path-4.1.2.jar:/Users/youse/.m2/repository/org/codehaus/groovy/groovy-json/2.5.8/groovy-json-2.5.8.jar:/Users/youse/.m2/repository/io/rest-assured/rest-assured-common/4.1.2/rest-assured-common-4.1.2.jar:/Users/youse/.m2/repository/io/rest-assured/json-schema-validator/4.1.2/json-schema-validator-4.1.2.jar:/Users/youse/.m2/repository/com/github/java-json-tools/json-schema-validator/2.2.10/json-schema-validator-2.2.10.jar:/Users/youse/.m2/repository/com/github/java-json-tools/json-schema-core/1.2.10/json-schema-core-1.2.10.jar:/Users/youse/.m2/repository/com/github/java-json-tools/jackson-coreutils/1.9/jackson-coreutils-1.9.jar:/Users/youse/.m2/repository/com/fasterxml/jackson/core/jackson-databind/2.2.3/jackson-databind-2.2.3.jar:/Users/youse/.m2/repository/com/fasterxml/jackson/core/jackson-annotations/2.2.3/jackson-annotations-2.2.3.jar:/Users/youse/.m2/repository/com/fasterxml/jackson/core/jackson-core/2.2.3/jackson-core-2.2.3.jar:/Users/youse/.m2/repository/com/google/guava/guava/16.0.1/guava-16.0.1.jar:/Users/youse/.m2/repository/com/github/fge/msg-simple/1.1/msg-simple-1.1.jar:/Users/youse/.m2/repository/com/github/fge/btf/1.2/btf-1.2.jar:/Users/youse/.m2/repository/com/github/fge/uri-template/0.9/uri-template-0.9.jar:/Users/youse/.m2/repository/org/mozilla/rhino/1.7.7.1/rhino-1.7.7.1.jar:/Users/youse/.m2/repository/javax/mail/mailapi/1.4.3/mailapi-1.4.3.jar:/Users/youse/.m2/repository/joda-time/joda-time/2.9.7/joda-time-2.9.7.jar:/Users/youse/.m2/repository/com/googlecode/libphonenumber/libphonenumber/8.0.0/libphonenumber-8.0.0.jar:/Users/youse/.m2/repository/com/google/code/findbugs/jsr305/3.0.1/jsr305-3.0.1.jar:/Users/youse/.m2/repository/net/sf/jopt-simple/jopt-simple/5.0.3/jopt-simple-5.0.3.jar:/Users/youse/.m2/repository/org/testng/testng/6.14.3/testng-6.14.3.jar:/Users/youse/.m2/repository/com/beust/jcommander/1.72/jcommander-1.72.jar:/Users/youse/.m2/repository/org/apache-extras/beanshell/bsh/2.0b6/bsh-2.0b6.jar:"/>
    <property name="java.vm.vendor" value="Oracle Corporation"/>
    <property name="sun.arch.data.model" value="64"/>
    <property name="java.vendor.url" value="http://java.oracle.com/"/>
    <property name="user.timezone" value=""/>
    <property name="suiteXmlFile" value="suite-tests/suite.xml"/>
    <property name="java.vm.specification.version" value="1.8"/>
    <property name="os.name" value="Mac OS X"/>
    <property name="user.country" value="BR"/>
    <property name="sun.java.launcher" value="SUN_STANDARD"/>
    <property name="sun.boot.library.path" value="/Library/Java/JavaVirtualMachines/jdk1.8.0_161.jdk/Contents/Home/jre/lib"/>
    <property name="sun.java.command" value="/Users/youse/eclipse-workspace/playground-api-automation/target/surefire/surefirebooter8391535354802455167.jar /Users/youse/eclipse-workspace/playground-api-automation/target/surefire 2019-12-01T19-25-12_678-jvmRun1 surefire8260148137541886359tmp surefire_03224569790309773085tmp"/>
    <property name="http.nonProxyHosts" value="local|*.local|169.254/16|*.169.254/16"/>
    <property name="surefire.test.class.path" value="/Users/youse/eclipse-workspace/playground-api-automation/target/test-classes:/Users/youse/eclipse-workspace/playground-api-automation/target/classes:/Users/youse/.m2/repository/io/rest-assured/rest-assured/4.1.2/rest-assured-4.1.2.jar:/Users/youse/.m2/repository/org/codehaus/groovy/groovy/2.5.8/groovy-2.5.8.jar:/Users/youse/.m2/repository/org/codehaus/groovy/groovy-xml/2.5.8/groovy-xml-2.5.8.jar:/Users/youse/.m2/repository/org/apache/httpcomponents/httpclient/4.5.3/httpclient-4.5.3.jar:/Users/youse/.m2/repository/org/apache/httpcomponents/httpcore/4.4.6/httpcore-4.4.6.jar:/Users/youse/.m2/repository/commons-logging/commons-logging/1.2/commons-logging-1.2.jar:/Users/youse/.m2/repository/commons-codec/commons-codec/1.9/commons-codec-1.9.jar:/Users/youse/.m2/repository/org/apache/httpcomponents/httpmime/4.5.3/httpmime-4.5.3.jar:/Users/youse/.m2/repository/org/hamcrest/hamcrest/2.1/hamcrest-2.1.jar:/Users/youse/.m2/repository/org/ccil/cowan/tagsoup/tagsoup/1.2.1/tagsoup-1.2.1.jar:/Users/youse/.m2/repository/io/rest-assured/xml-path/4.1.2/xml-path-4.1.2.jar:/Users/youse/.m2/repository/org/apache/commons/commons-lang3/3.4/commons-lang3-3.4.jar:/Users/youse/.m2/repository/javax/xml/bind/jaxb-api/2.3.1/jaxb-api-2.3.1.jar:/Users/youse/.m2/repository/javax/activation/javax.activation-api/1.2.0/javax.activation-api-1.2.0.jar:/Users/youse/.m2/repository/com/sun/xml/bind/jaxb-osgi/2.3.0.1/jaxb-osgi-2.3.0.1.jar:/Users/youse/.m2/repository/org/apache/sling/org.apache.sling.javax.activation/0.1.0/org.apache.sling.javax.activation-0.1.0.jar:/Users/youse/.m2/repository/javax/activation/activation/1.1.1/activation-1.1.1.jar:/Users/youse/.m2/repository/io/rest-assured/json-path/4.1.2/json-path-4.1.2.jar:/Users/youse/.m2/repository/org/codehaus/groovy/groovy-json/2.5.8/groovy-json-2.5.8.jar:/Users/youse/.m2/repository/io/rest-assured/rest-assured-common/4.1.2/rest-assured-common-4.1.2.jar:/Users/youse/.m2/repository/io/rest-assured/json-schema-validator/4.1.2/json-schema-validator-4.1.2.jar:/Users/youse/.m2/repository/com/github/java-json-tools/json-schema-validator/2.2.10/json-schema-validator-2.2.10.jar:/Users/youse/.m2/repository/com/github/java-json-tools/json-schema-core/1.2.10/json-schema-core-1.2.10.jar:/Users/youse/.m2/repository/com/github/java-json-tools/jackson-coreutils/1.9/jackson-coreutils-1.9.jar:/Users/youse/.m2/repository/com/fasterxml/jackson/core/jackson-databind/2.2.3/jackson-databind-2.2.3.jar:/Users/youse/.m2/repository/com/fasterxml/jackson/core/jackson-annotations/2.2.3/jackson-annotations-2.2.3.jar:/Users/youse/.m2/repository/com/fasterxml/jackson/core/jackson-core/2.2.3/jackson-core-2.2.3.jar:/Users/youse/.m2/repository/com/google/guava/guava/16.0.1/guava-16.0.1.jar:/Users/youse/.m2/repository/com/github/fge/msg-simple/1.1/msg-simple-1.1.jar:/Users/youse/.m2/repository/com/github/fge/btf/1.2/btf-1.2.jar:/Users/youse/.m2/repository/com/github/fge/uri-template/0.9/uri-template-0.9.jar:/Users/youse/.m2/repository/org/mozilla/rhino/1.7.7.1/rhino-1.7.7.1.jar:/Users/youse/.m2/repository/javax/mail/mailapi/1.4.3/mailapi-1.4.3.jar:/Users/youse/.m2/repository/joda-time/joda-time/2.9.7/joda-time-2.9.7.jar:/Users/youse/.m2/repository/com/googlecode/libphonenumber/libphonenumber/8.0.0/libphonenumber-8.0.0.jar:/Users/youse/.m2/repository/com/google/code/findbugs/jsr305/3.0.1/jsr305-3.0.1.jar:/Users/youse/.m2/repository/net/sf/jopt-simple/jopt-simple/5.0.3/jopt-simple-5.0.3.jar:/Users/youse/.m2/repository/org/testng/testng/6.14.3/testng-6.14.3.jar:/Users/youse/.m2/repository/com/beust/jcommander/1.72/jcommander-1.72.jar:/Users/youse/.m2/repository/org/apache-extras/beanshell/bsh/2.0b6/bsh-2.0b6.jar:"/>
    <property name="sun.cpu.endian" value="little"/>
    <property name="user.home" value="/Users/youse"/>
    <property name="user.language" value="pt"/>
    <property name="java.specification.vendor" value="Oracle Corporation"/>
    <property name="java.home" value="/Library/Java/JavaVirtualMachines/jdk1.8.0_161.jdk/Contents/Home/jre"/>
    <property name="basedir" value="/Users/youse/eclipse-workspace/playground-api-automation"/>
    <property name="file.separator" value="/"/>
    <property name="line.separator" value="&#10;"/>
    <property name="java.vm.specification.vendor" value="Oracle Corporation"/>
    <property name="java.specification.name" value="Java Platform API Specification"/>
    <property name="java.awt.graphicsenv" value="sun.awt.CGraphicsEnvironment"/>
    <property name="surefire.real.class.path" value="/Users/youse/eclipse-workspace/playground-api-automation/target/surefire/surefirebooter8391535354802455167.jar"/>
    <property name="sun.boot.class.path" value="/Library/Java/JavaVirtualMachines/jdk1.8.0_161.jdk/Contents/Home/jre/lib/resources.jar:/Library/Java/JavaVirtualMachines/jdk1.8.0_161.jdk/Contents/Home/jre/lib/rt.jar:/Library/Java/JavaVirtualMachines/jdk1.8.0_161.jdk/Contents/Home/jre/lib/sunrsasign.jar:/Library/Java/JavaVirtualMachines/jdk1.8.0_161.jdk/Contents/Home/jre/lib/jsse.jar:/Library/Java/JavaVirtualMachines/jdk1.8.0_161.jdk/Contents/Home/jre/lib/jce.jar:/Library/Java/JavaVirtualMachines/jdk1.8.0_161.jdk/Contents/Home/jre/lib/charsets.jar:/Library/Java/JavaVirtualMachines/jdk1.8.0_161.jdk/Contents/Home/jre/lib/jfr.jar:/Library/Java/JavaVirtualMachines/jdk1.8.0_161.jdk/Contents/Home/jre/classes"/>
    <property name="sun.management.compiler" value="HotSpot 64-Bit Tiered Compilers"/>
    <property name="ftp.nonProxyHosts" value="local|*.local|169.254/16|*.169.254/16"/>
    <property name="java.runtime.version" value="1.8.0_161-b12"/>
    <property name="user.name" value="youse"/>
    <property name="path.separator" value=":"/>
    <property name="os.version" value="10.15.1"/>
    <property name="java.endorsed.dirs" value="/Library/Java/JavaVirtualMachines/jdk1.8.0_161.jdk/Contents/Home/jre/lib/endorsed"/>
    <property name="java.runtime.name" value="Java(TM) SE Runtime Environment"/>
    <property name="file.encoding" value="UTF-8"/>
    <property name="java.vm.name" value="Java HotSpot(TM) 64-Bit Server VM"/>
    <property name="localRepository" value="/Users/youse/.m2/repository"/>
    <property name="java.vendor.url.bug" value="http://bugreport.sun.com/bugreport/"/>
    <property name="java.io.tmpdir" value="/var/folders/n6/0b0q0_2177jcwrh9glx4_2m00000gp/T/"/>
    <property name="java.version" value="1.8.0_161"/>
    <property name="user.dir" value="/Users/youse/eclipse-workspace/playground-api-automation"/>
    <property name="os.arch" value="x86_64"/>
    <property name="java.vm.specification.name" value="Java Virtual Machine Specification"/>
    <property name="java.awt.printerjob" value="sun.lwawt.macosx.CPrinterJob"/>
    <property name="sun.os.patch.level" value="unknown"/>
    <property name="java.library.path" value="/Users/youse/Library/Java/Extensions:/Library/Java/Extensions:/Network/Library/Java/Extensions:/System/Library/Java/Extensions:/usr/lib/java:."/>
    <property name="java.vm.info" value="mixed mode"/>
    <property name="java.vendor" value="Oracle Corporation"/>
    <property name="java.vm.version" value="25.161-b12"/>
    <property name="java.ext.dirs" value="/Users/youse/Library/Java/Extensions:/Library/Java/JavaVirtualMachines/jdk1.8.0_161.jdk/Contents/Home/jre/lib/ext:/Library/Java/Extensions:/Network/Library/Java/Extensions:/System/Library/Java/Extensions:/usr/lib/java"/>
    <property name="sun.io.unicode.encoding" value="UnicodeBig"/>
    <property name="java.class.version" value="52.0"/>
    <property name="socksNonProxyHosts" value="local|*.local|169.254/16|*.169.254/16"/>
  </properties>
  <testcase name="findByType" classname="com.api.playground.test.ProductTest" time="2.564"/>
  <testcase name="findProductById" classname="com.api.playground.test.ProductTest" time="0.148"/>
  <testcase name="findProductById" classname="com.api.playground.test.ProductTest" time="0.121"/>
  <testcase name="getAllProductsLimitTo1" classname="com.api.playground.test.ProductTest" time="0.28"/>
  <testcase name="getAllProductsLimitTo1" classname="com.api.playground.test.ProductTest" time="0.266"/>
  <testcase name="getAllProductsWithSkip" classname="com.api.playground.test.ProductTest" time="0.306"/>
  <testcase name="getAllProductsWithSkip" classname="com.api.playground.test.ProductTest" time="0.271"/>
  <testcase name="getProductWithDifferentType" classname="com.api.playground.test.ProductTest" time="0.114"/>
  <testcase name="getProductWithPriceLessOrEqual" classname="com.api.playground.test.ProductTest" time="0.094"/>
  <testcase name="getProductWithShippingPriceGreaterThan" classname="com.api.playground.test.ProductTest" time="0.088"/>
  <testcase name="getProductsPassingTwoPrices" classname="com.api.playground.test.ProductTest" time="0.076"/>
  <testcase name="returnAllProducts" classname="com.api.playground.test.ProductTest" time="0.22"/>
  <testcase name="showOnlyNameAndPrice" classname="com.api.playground.test.ProductTest" time="0.107"/>
  <testcase name="sortByHighestPrice" classname="com.api.playground.test.ProductTest" time="0.222"/>
  <testcase name="sortByLowestPrice" classname="com.api.playground.test.ProductTest" time="0.216"/>
  <testcase name="findServices" classname="com.api.playground.test.ServiceTest" time="0.053"/>
  <testcase name="findServices" classname="com.api.playground.test.ServiceTest" time="0.047"/>
  <testcase name="returnAllServices" classname="com.api.playground.test.ServiceTest" time="0.045"/>
  <testcase name="healthCheckAuth" classname="com.api.playground.test.HealthCheckTest" time="0.037"/>
</testsuite>