<?xml version="1.0" encoding="UTF-8"?>
<!-- Generated by org.testng.reporters.JUnitReportReporter -->
<testsuite skipped="0" hostname="C0067.local" name="com.api.playground.test.HealthCheckTest" tests="1" failures="0" timestamp="01 dez 2019 21:28:58 GMT" time="0.038" errors="0">
  <testcase name="healthCheckAuth" time="0.038" classname="com.api.playground.test.HealthCheckTest"/>
</testsuite> <!-- com.api.playground.test.HealthCheckTest -->
