<?xml version="1.0" encoding="UTF-8"?>
<!-- Generated by org.testng.reporters.JUnitReportReporter -->
<testsuite skipped="0" hostname="C0067.local" name="com.api.playground.test.ServiceTest" tests="3" failures="0" timestamp="01 dez 2019 21:29:03 GMT" time="0.102" errors="0">
  <testcase name="findServices" time="0.040" classname="com.api.playground.test.ServiceTest"/>
  <testcase name="returnAllServices" time="0.031" classname="com.api.playground.test.ServiceTest"/>
  <testcase name="findServices" time="0.031" classname="com.api.playground.test.ServiceTest"/>
</testsuite> <!-- com.api.playground.test.ServiceTest -->
