<?xml version="1.0" encoding="UTF-8"?>
<!-- Generated by org.testng.reporters.JUnitReportReporter -->
<testsuite skipped="0" hostname="C0067.local" name="com.api.playground.test.HealthCheck" tests="1" failures="0" timestamp="02 nov 2019 19:05:44 GMT" time="1.993" errors="0">
  <testcase name="healthCheckAuth" time="1.993" classname="com.api.playground.test.HealthCheck"/>
</testsuite> <!-- com.api.playground.test.HealthCheck -->
