<?xml version="1.0" encoding="UTF-8"?>
<!-- Generated by org.testng.reporters.JUnitReportReporter -->
<testsuite skipped="0" hostname="C0067.local" name="com.api.playground.test.ProductTest" tests="15" failures="0" timestamp="01 dez 2019 21:25:39 GMT" time="5.096" errors="0">
  <testcase name="getAllProductsWithSkip" time="0.306" classname="com.api.playground.test.ProductTest"/>
  <testcase name="findProductById" time="0.120" classname="com.api.playground.test.ProductTest"/>
  <testcase name="getAllProductsLimitTo1" time="0.280" classname="com.api.playground.test.ProductTest"/>
  <testcase name="getProductWithPriceLessOrEqual" time="0.095" classname="com.api.playground.test.ProductTest"/>
  <testcase name="getAllProductsWithSkip" time="0.271" classname="com.api.playground.test.ProductTest"/>
  <testcase name="getProductsPassingTwoPrices" time="0.077" classname="com.api.playground.test.ProductTest"/>
  <testcase name="sortByLowestPrice" time="0.216" classname="com.api.playground.test.ProductTest"/>
  <testcase name="showOnlyNameAndPrice" time="0.108" classname="com.api.playground.test.ProductTest"/>
  <testcase name="getProductWithShippingPriceGreaterThan" time="0.089" classname="com.api.playground.test.ProductTest"/>
  <testcase name="findByType" time="2.563" classname="com.api.playground.test.ProductTest"/>
  <testcase name="getAllProductsLimitTo1" time="0.266" classname="com.api.playground.test.ProductTest"/>
  <testcase name="getProductWithDifferentType" time="0.113" classname="com.api.playground.test.ProductTest"/>
  <testcase name="returnAllProducts" time="0.220" classname="com.api.playground.test.ProductTest"/>
  <testcase name="findProductById" time="0.150" classname="com.api.playground.test.ProductTest"/>
  <testcase name="sortByHighestPrice" time="0.222" classname="com.api.playground.test.ProductTest"/>
</testsuite> <!-- com.api.playground.test.ProductTest -->
