<?xml version="1.0" encoding="UTF-8"?>
<!-- Generated by org.testng.reporters.JUnitReportReporter -->
<testsuite skipped="0" hostname="C0067.local" name="com.api.playground.test.ServiceTest" tests="3" failures="0" timestamp="01 dez 2019 21:25:44 GMT" time="0.139" errors="0">
  <testcase name="findServices" time="0.053" classname="com.api.playground.test.ServiceTest"/>
  <testcase name="findServices" time="0.037" classname="com.api.playground.test.ServiceTest"/>
  <testcase name="returnAllServices" time="0.049" classname="com.api.playground.test.ServiceTest"/>
</testsuite> <!-- com.api.playground.test.ServiceTest -->
